0 info it worked if it ends with ok
1 verbose cli [ '/usr/bin/node',
1 verbose cli   '/usr/bin/npm',
1 verbose cli   'install',
1 verbose cli   '--global',
1 verbose cli   'vue-cli' ]
2 info using npm@3.5.2
3 info using node@v8.10.0
4 silly loadCurrentTree Starting
5 silly install loadCurrentTree
6 silly install readGlobalPackageData
7 silly fetchPackageMetaData vue-cli
8 silly fetchNamedPackageData vue-cli
9 silly mapToRegistry name vue-cli
10 silly mapToRegistry using default registry
11 silly mapToRegistry registry https://registry.npmjs.org/
12 silly mapToRegistry uri https://registry.npmjs.org/vue-cli
13 verbose request uri https://registry.npmjs.org/vue-cli
14 verbose request no auth needed
15 info attempt registry request try #1 at 4:07:57 PM
16 verbose request id 6ac9abcd855bfb62
17 http request GET https://registry.npmjs.org/vue-cli
18 info retry will retry, error on last attempt: Error: tunneling socket could not be established, cause=write EPROTO 140121780563840:error:140770FC:SSL routines:SSL23_GET_SERVER_HELLO:unknown protocol:s23_clnt.c:827:
19 info attempt registry request try #2 at 4:08:07 PM
20 http request GET https://registry.npmjs.org/vue-cli
21 info retry will retry, error on last attempt: Error: tunneling socket could not be established, cause=write EPROTO 140121780563840:error:140770FC:SSL routines:SSL23_GET_SERVER_HELLO:unknown protocol:s23_clnt.c:827:
22 info attempt registry request try #3 at 4:09:07 PM
23 http request GET https://registry.npmjs.org/vue-cli
24 silly fetchPackageMetaData Error: tunneling socket could not be established, cause=write EPROTO 140121780563840:error:140770FC:SSL routines:SSL23_GET_SERVER_HELLO:unknown protocol:s23_clnt.c:827:
24 silly fetchPackageMetaData
24 silly fetchPackageMetaData     at ClientRequest.onError (/usr/share/npm/node_modules/request/node_modules/tunnel-agent/index.js:174:17)
24 silly fetchPackageMetaData     at Object.onceWrapper (events.js:315:30)
24 silly fetchPackageMetaData     at emitOne (events.js:116:13)
24 silly fetchPackageMetaData     at ClientRequest.emit (events.js:211:7)
24 silly fetchPackageMetaData     at TLSSocket.socketErrorListener (_http_client.js:387:9)
24 silly fetchPackageMetaData     at emitOne (events.js:116:13)
24 silly fetchPackageMetaData     at TLSSocket.emit (events.js:211:7)
24 silly fetchPackageMetaData     at onwriteError (_stream_writable.js:418:12)
24 silly fetchPackageMetaData     at onwrite (_stream_writable.js:440:5)
24 silly fetchPackageMetaData     at _destroy (internal/streams/destroy.js:39:7)
24 silly fetchPackageMetaData  error for vue-cli { Error: tunneling socket could not be established, cause=write EPROTO 140121780563840:error:140770FC:SSL routines:SSL23_GET_SERVER_HELLO:unknown protocol:s23_clnt.c:827:
24 silly fetchPackageMetaData
24 silly fetchPackageMetaData     at ClientRequest.onError (/usr/share/npm/node_modules/request/node_modules/tunnel-agent/index.js:174:17)
24 silly fetchPackageMetaData     at Object.onceWrapper (events.js:315:30)
24 silly fetchPackageMetaData     at emitOne (events.js:116:13)
24 silly fetchPackageMetaData     at ClientRequest.emit (events.js:211:7)
24 silly fetchPackageMetaData     at TLSSocket.socketErrorListener (_http_client.js:387:9)
24 silly fetchPackageMetaData     at emitOne (events.js:116:13)
24 silly fetchPackageMetaData     at TLSSocket.emit (events.js:211:7)
24 silly fetchPackageMetaData     at onwriteError (_stream_writable.js:418:12)
24 silly fetchPackageMetaData     at onwrite (_stream_writable.js:440:5)
24 silly fetchPackageMetaData     at _destroy (internal/streams/destroy.js:39:7) code: 'ECONNRESET' }
25 silly rollbackFailedOptional Starting
26 silly rollbackFailedOptional Finishing
27 silly runTopLevelLifecycles Starting
28 silly runTopLevelLifecycles Finishing
29 silly install printInstalled
30 verbose stack Error: tunneling socket could not be established, cause=write EPROTO 140121780563840:error:140770FC:SSL routines:SSL23_GET_SERVER_HELLO:unknown protocol:s23_clnt.c:827:
30 verbose stack
30 verbose stack     at ClientRequest.onError (/usr/share/npm/node_modules/request/node_modules/tunnel-agent/index.js:174:17)
30 verbose stack     at Object.onceWrapper (events.js:315:30)
30 verbose stack     at emitOne (events.js:116:13)
30 verbose stack     at ClientRequest.emit (events.js:211:7)
30 verbose stack     at TLSSocket.socketErrorListener (_http_client.js:387:9)
30 verbose stack     at emitOne (events.js:116:13)
30 verbose stack     at TLSSocket.emit (events.js:211:7)
30 verbose stack     at onwriteError (_stream_writable.js:418:12)
30 verbose stack     at onwrite (_stream_writable.js:440:5)
30 verbose stack     at _destroy (internal/streams/destroy.js:39:7)
31 verbose cwd /home/rnogueira/Things/Projects/tutorialspoint-vuejs/src/vuejs-environment-setup
32 error Linux 4.15.0-64-generic
33 error argv "/usr/bin/node" "/usr/bin/npm" "install" "--global" "vue-cli"
34 error node v8.10.0
35 error npm  v3.5.2
36 error code ECONNRESET
37 error network tunneling socket could not be established, cause=write EPROTO 140121780563840:error:140770FC:SSL routines:SSL23_GET_SERVER_HELLO:unknown protocol:s23_clnt.c:827:
38 error network This is most likely not a problem with npm itself
38 error network and is related to network connectivity.
38 error network In most cases you are behind a proxy or have bad network settings.
38 error network
38 error network If you are behind a proxy, please make sure that the
38 error network 'proxy' config is set properly.  See: 'npm help config'
39 verbose exit [ 1, true ]
